<?xml version="1.0" encoding="UTF-8"?>
<!-- Generated by org.testng.reporters.JUnitXMLReporter -->
<testsuite ignored="0" hostname="LIN57000094" failures="0" tests="12" name="Surefire test" time="185.57" errors="0" timestamp="2020-08-20T23:07:23 IST">
  <testcase classname="com.crm.qa.testcases.ContactsPageTest" name="verifyContactsPageLabel" time="0.216"/>
  <testcase classname="com.crm.qa.testcases.ContactsPageTest" name="selectSingleContactsTest" time="4.879"/>
  <testcase classname="com.crm.qa.testcases.ContactsPageTest" name="selectMultipleContactsTest" time="5.953"/>
  <testcase classname="com.crm.qa.testcases.ContactsPageTest" name="validateCreateNewContact" time="8.254"/>
  <testcase classname="com.crm.qa.testcases.ContactsPageTest" name="validateCreateNewContact" time="9.459"/>
  <testcase classname="com.crm.qa.testcases.ContactsPageTest" name="validateCreateNewContact" time="7.696"/>
  <testcase classname="com.crm.qa.testcases.HomePageTest" name="verifyHomePageTitleTest" time="0.004"/>
  <testcase classname="com.crm.qa.testcases.HomePageTest" name="verifyUserNameTest" time="0.792"/>
  <testcase classname="com.crm.qa.testcases.HomePageTest" name="verifyContactsLinkTest" time="0.929"/>
  <testcase classname="com.crm.qa.testcases.LoginPageTest" name="loginPageTileTest" time="0.009"/>
  <testcase classname="com.crm.qa.testcases.LoginPageTest" name="classicCRMlnkTest" time="0.062"/>
  <testcase classname="com.crm.qa.testcases.LoginPageTest" name="loginTest" time="0.372"/>
</testsuite> <!-- Surefire test -->
