<?xml version="1.0" encoding="UTF-8"?>
<testng-results ignored="0" total="12" passed="12" failed="0" skipped="0">
  <reporter-output>
  </reporter-output>
  <suite started-at="2020-08-20T23:04:17 IST" name="Surefire suite" finished-at="2020-08-20T23:07:23 IST" duration-ms="185570">
    <groups>
    </groups>
    <test started-at="2020-08-20T23:04:17 IST" name="Surefire test" finished-at="2020-08-20T23:07:23 IST" duration-ms="185570">
      <class name="com.crm.qa.testcases.HomePageTest">
        <test-method is-config="true" signature="setUp()[pri:0, instance:com.crm.qa.testcases.HomePageTest@1f3f4916]" started-at="2020-08-20T23:06:09 IST" name="setUp" finished-at="2020-08-20T23:06:19 IST" duration-ms="9797" status="PASS">
          <reporter-output>
          </reporter-output>
        </test-method> <!-- setUp -->
        <test-method signature="verifyHomePageTitleTest()[pri:1, instance:com.crm.qa.testcases.HomePageTest@1f3f4916]" started-at="2020-08-20T23:06:19 IST" name="verifyHomePageTitleTest" finished-at="2020-08-20T23:06:19 IST" duration-ms="4" status="PASS">
          <reporter-output>
          </reporter-output>
        </test-method> <!-- verifyHomePageTitleTest -->
        <test-method is-config="true" signature="teardown()[pri:0, instance:com.crm.qa.testcases.HomePageTest@1f3f4916]" started-at="2020-08-20T23:06:19 IST" name="teardown" finished-at="2020-08-20T23:06:20 IST" duration-ms="1129" status="PASS">
          <reporter-output>
          </reporter-output>
        </test-method> <!-- teardown -->
        <test-method is-config="true" signature="setUp()[pri:0, instance:com.crm.qa.testcases.HomePageTest@1f3f4916]" started-at="2020-08-20T23:06:20 IST" name="setUp" finished-at="2020-08-20T23:06:30 IST" duration-ms="9625" status="PASS">
          <reporter-output>
          </reporter-output>
        </test-method> <!-- setUp -->
        <test-method signature="verifyUserNameTest()[pri:2, instance:com.crm.qa.testcases.HomePageTest@1f3f4916]" started-at="2020-08-20T23:06:30 IST" name="verifyUserNameTest" finished-at="2020-08-20T23:06:31 IST" duration-ms="792" status="PASS">
          <reporter-output>
          </reporter-output>
        </test-method> <!-- verifyUserNameTest -->
        <test-method is-config="true" signature="teardown()[pri:0, instance:com.crm.qa.testcases.HomePageTest@1f3f4916]" started-at="2020-08-20T23:06:31 IST" name="teardown" finished-at="2020-08-20T23:06:32 IST" duration-ms="1159" status="PASS">
          <reporter-output>
          </reporter-output>
        </test-method> <!-- teardown -->
        <test-method is-config="true" signature="setUp()[pri:0, instance:com.crm.qa.testcases.HomePageTest@1f3f4916]" started-at="2020-08-20T23:06:32 IST" name="setUp" finished-at="2020-08-20T23:06:41 IST" duration-ms="9367" status="PASS">
          <reporter-output>
          </reporter-output>
        </test-method> <!-- setUp -->
        <test-method signature="verifyContactsLinkTest()[pri:3, instance:com.crm.qa.testcases.HomePageTest@1f3f4916]" started-at="2020-08-20T23:06:41 IST" name="verifyContactsLinkTest" finished-at="2020-08-20T23:06:42 IST" duration-ms="929" status="PASS">
          <reporter-output>
          </reporter-output>
        </test-method> <!-- verifyContactsLinkTest -->
        <test-method is-config="true" signature="teardown()[pri:0, instance:com.crm.qa.testcases.HomePageTest@1f3f4916]" started-at="2020-08-20T23:06:42 IST" name="teardown" finished-at="2020-08-20T23:06:43 IST" duration-ms="1166" status="PASS">
          <reporter-output>
          </reporter-output>
        </test-method> <!-- teardown -->
      </class> <!-- com.crm.qa.testcases.HomePageTest -->
      <class name="com.crm.qa.testcases.ContactsPageTest">
        <test-method is-config="true" signature="setUp()[pri:0, instance:com.crm.qa.testcases.ContactsPageTest@1ed1993a]" started-at="2020-08-20T23:04:17 IST" name="setUp" finished-at="2020-08-20T23:04:29 IST" duration-ms="11844" status="PASS">
          <reporter-output>
          </reporter-output>
        </test-method> <!-- setUp -->
        <test-method signature="verifyContactsPageLabel()[pri:1, instance:com.crm.qa.testcases.ContactsPageTest@1ed1993a]" started-at="2020-08-20T23:04:29 IST" name="verifyContactsPageLabel" finished-at="2020-08-20T23:04:29 IST" duration-ms="216" status="PASS">
          <reporter-output>
          </reporter-output>
        </test-method> <!-- verifyContactsPageLabel -->
        <test-method is-config="true" signature="tearDown()[pri:0, instance:com.crm.qa.testcases.ContactsPageTest@1ed1993a]" started-at="2020-08-20T23:04:29 IST" name="tearDown" finished-at="2020-08-20T23:04:31 IST" duration-ms="1382" status="PASS">
          <reporter-output>
          </reporter-output>
        </test-method> <!-- tearDown -->
        <test-method is-config="true" signature="setUp()[pri:0, instance:com.crm.qa.testcases.ContactsPageTest@1ed1993a]" started-at="2020-08-20T23:04:31 IST" name="setUp" finished-at="2020-08-20T23:04:45 IST" duration-ms="14388" status="PASS">
          <reporter-output>
          </reporter-output>
        </test-method> <!-- setUp -->
        <test-method signature="selectSingleContactsTest()[pri:2, instance:com.crm.qa.testcases.ContactsPageTest@1ed1993a]" started-at="2020-08-20T23:04:45 IST" name="selectSingleContactsTest" finished-at="2020-08-20T23:04:50 IST" duration-ms="4879" status="PASS">
          <reporter-output>
          </reporter-output>
        </test-method> <!-- selectSingleContactsTest -->
        <test-method is-config="true" signature="tearDown()[pri:0, instance:com.crm.qa.testcases.ContactsPageTest@1ed1993a]" started-at="2020-08-20T23:04:50 IST" name="tearDown" finished-at="2020-08-20T23:04:51 IST" duration-ms="1084" status="PASS">
          <reporter-output>
          </reporter-output>
        </test-method> <!-- tearDown -->
        <test-method is-config="true" signature="setUp()[pri:0, instance:com.crm.qa.testcases.ContactsPageTest@1ed1993a]" started-at="2020-08-20T23:04:51 IST" name="setUp" finished-at="2020-08-20T23:05:02 IST" duration-ms="10356" status="PASS">
          <reporter-output>
          </reporter-output>
        </test-method> <!-- setUp -->
        <test-method signature="selectMultipleContactsTest()[pri:3, instance:com.crm.qa.testcases.ContactsPageTest@1ed1993a]" started-at="2020-08-20T23:05:02 IST" name="selectMultipleContactsTest" finished-at="2020-08-20T23:05:08 IST" duration-ms="5953" status="PASS">
          <reporter-output>
          </reporter-output>
        </test-method> <!-- selectMultipleContactsTest -->
        <test-method is-config="true" signature="tearDown()[pri:0, instance:com.crm.qa.testcases.ContactsPageTest@1ed1993a]" started-at="2020-08-20T23:05:08 IST" name="tearDown" finished-at="2020-08-20T23:05:09 IST" duration-ms="1042" status="PASS">
          <reporter-output>
          </reporter-output>
        </test-method> <!-- tearDown -->
        <test-method is-config="true" signature="setUp()[pri:0, instance:com.crm.qa.testcases.ContactsPageTest@1ed1993a]" started-at="2020-08-20T23:05:09 IST" name="setUp" finished-at="2020-08-20T23:05:20 IST" duration-ms="11200" status="PASS">
          <reporter-output>
          </reporter-output>
        </test-method> <!-- setUp -->
        <test-method signature="validateCreateNewContact(java.lang.String, java.lang.String, java.lang.String, java.lang.String)[pri:4, instance:com.crm.qa.testcases.ContactsPageTest@1ed1993a]" started-at="2020-08-20T23:05:20 IST" name="validateCreateNewContact" data-provider="getCRMTestData" finished-at="2020-08-20T23:05:29 IST" duration-ms="8254" status="PASS">
          <params>
            <param index="0">
              <value>
                <![CDATA[Tom]]>
              </value>
            </param>
            <param index="1">
              <value>
                <![CDATA[Peter]]>
              </value>
            </param>
            <param index="2">
              <value>
                <![CDATA[Google]]>
              </value>
            </param>
            <param index="3">
              <value>
                <![CDATA[tomo.peter@google.com]]>
              </value>
            </param>
          </params>
          <reporter-output>
          </reporter-output>
        </test-method> <!-- validateCreateNewContact -->
        <test-method is-config="true" signature="tearDown()[pri:0, instance:com.crm.qa.testcases.ContactsPageTest@1ed1993a]" started-at="2020-08-20T23:05:29 IST" name="tearDown" finished-at="2020-08-20T23:05:30 IST" duration-ms="1062" status="PASS">
          <reporter-output>
          </reporter-output>
        </test-method> <!-- tearDown -->
        <test-method is-config="true" signature="setUp()[pri:0, instance:com.crm.qa.testcases.ContactsPageTest@1ed1993a]" started-at="2020-08-20T23:05:30 IST" name="setUp" finished-at="2020-08-20T23:05:40 IST" duration-ms="10661" status="PASS">
          <reporter-output>
          </reporter-output>
        </test-method> <!-- setUp -->
        <test-method signature="validateCreateNewContact(java.lang.String, java.lang.String, java.lang.String, java.lang.String)[pri:4, instance:com.crm.qa.testcases.ContactsPageTest@1ed1993a]" started-at="2020-08-20T23:05:40 IST" name="validateCreateNewContact" data-provider="getCRMTestData" finished-at="2020-08-20T23:05:50 IST" duration-ms="9459" status="PASS">
          <params>
            <param index="0">
              <value>
                <![CDATA[Chris]]>
              </value>
            </param>
            <param index="1">
              <value>
                <![CDATA[Holier]]>
              </value>
            </param>
            <param index="2">
              <value>
                <![CDATA[Amazon]]>
              </value>
            </param>
            <param index="3">
              <value>
                <![CDATA[chris.holier@amazon.com]]>
              </value>
            </param>
          </params>
          <reporter-output>
          </reporter-output>
        </test-method> <!-- validateCreateNewContact -->
        <test-method is-config="true" signature="tearDown()[pri:0, instance:com.crm.qa.testcases.ContactsPageTest@1ed1993a]" started-at="2020-08-20T23:05:50 IST" name="tearDown" finished-at="2020-08-20T23:05:51 IST" duration-ms="1237" status="PASS">
          <reporter-output>
          </reporter-output>
        </test-method> <!-- tearDown -->
        <test-method is-config="true" signature="setUp()[pri:0, instance:com.crm.qa.testcases.ContactsPageTest@1ed1993a]" started-at="2020-08-20T23:05:51 IST" name="setUp" finished-at="2020-08-20T23:06:00 IST" duration-ms="9262" status="PASS">
          <reporter-output>
          </reporter-output>
        </test-method> <!-- setUp -->
        <test-method signature="validateCreateNewContact(java.lang.String, java.lang.String, java.lang.String, java.lang.String)[pri:4, instance:com.crm.qa.testcases.ContactsPageTest@1ed1993a]" started-at="2020-08-20T23:06:00 IST" name="validateCreateNewContact" data-provider="getCRMTestData" finished-at="2020-08-20T23:06:08 IST" duration-ms="7696" status="PASS">
          <params>
            <param index="0">
              <value>
                <![CDATA[Ram]]>
              </value>
            </param>
            <param index="1">
              <value>
                <![CDATA[Adarsh]]>
              </value>
            </param>
            <param index="2">
              <value>
                <![CDATA[ebay]]>
              </value>
            </param>
            <param index="3">
              <value>
                <![CDATA[ram.adarsh@ebay.com]]>
              </value>
            </param>
          </params>
          <reporter-output>
          </reporter-output>
        </test-method> <!-- validateCreateNewContact -->
        <test-method is-config="true" signature="tearDown()[pri:0, instance:com.crm.qa.testcases.ContactsPageTest@1ed1993a]" started-at="2020-08-20T23:06:08 IST" name="tearDown" finished-at="2020-08-20T23:06:09 IST" duration-ms="1181" status="PASS">
          <reporter-output>
          </reporter-output>
        </test-method> <!-- tearDown -->
      </class> <!-- com.crm.qa.testcases.ContactsPageTest -->
      <class name="com.crm.qa.testcases.LoginPageTest">
        <test-method is-config="true" signature="setUp()[pri:0, instance:com.crm.qa.testcases.LoginPageTest@794cb805]" started-at="2020-08-20T23:06:43 IST" name="setUp" finished-at="2020-08-20T23:06:52 IST" duration-ms="8753" status="PASS">
          <reporter-output>
          </reporter-output>
        </test-method> <!-- setUp -->
        <test-method signature="loginPageTileTest()[pri:1, instance:com.crm.qa.testcases.LoginPageTest@794cb805]" started-at="2020-08-20T23:06:52 IST" name="loginPageTileTest" finished-at="2020-08-20T23:06:52 IST" duration-ms="9" status="PASS">
          <reporter-output>
          </reporter-output>
        </test-method> <!-- loginPageTileTest -->
        <test-method is-config="true" signature="teardown()[pri:0, instance:com.crm.qa.testcases.LoginPageTest@794cb805]" started-at="2020-08-20T23:06:52 IST" name="teardown" finished-at="2020-08-20T23:06:53 IST" duration-ms="1111" status="PASS">
          <reporter-output>
          </reporter-output>
        </test-method> <!-- teardown -->
        <test-method is-config="true" signature="setUp()[pri:0, instance:com.crm.qa.testcases.LoginPageTest@794cb805]" started-at="2020-08-20T23:06:53 IST" name="setUp" finished-at="2020-08-20T23:07:11 IST" duration-ms="18163" status="PASS">
          <reporter-output>
          </reporter-output>
        </test-method> <!-- setUp -->
        <test-method signature="classicCRMlnkTest()[pri:2, instance:com.crm.qa.testcases.LoginPageTest@794cb805]" started-at="2020-08-20T23:07:11 IST" name="classicCRMlnkTest" finished-at="2020-08-20T23:07:11 IST" duration-ms="62" status="PASS">
          <reporter-output>
          </reporter-output>
        </test-method> <!-- classicCRMlnkTest -->
        <test-method is-config="true" signature="teardown()[pri:0, instance:com.crm.qa.testcases.LoginPageTest@794cb805]" started-at="2020-08-20T23:07:11 IST" name="teardown" finished-at="2020-08-20T23:07:12 IST" duration-ms="1145" status="PASS">
          <reporter-output>
          </reporter-output>
        </test-method> <!-- teardown -->
        <test-method is-config="true" signature="setUp()[pri:0, instance:com.crm.qa.testcases.LoginPageTest@794cb805]" started-at="2020-08-20T23:07:12 IST" name="setUp" finished-at="2020-08-20T23:07:21 IST" duration-ms="8954" status="PASS">
          <reporter-output>
          </reporter-output>
        </test-method> <!-- setUp -->
        <test-method signature="loginTest()[pri:3, instance:com.crm.qa.testcases.LoginPageTest@794cb805]" started-at="2020-08-20T23:07:21 IST" name="loginTest" finished-at="2020-08-20T23:07:22 IST" duration-ms="372" status="PASS">
          <reporter-output>
          </reporter-output>
        </test-method> <!-- loginTest -->
        <test-method is-config="true" signature="teardown()[pri:0, instance:com.crm.qa.testcases.LoginPageTest@794cb805]" started-at="2020-08-20T23:07:22 IST" name="teardown" finished-at="2020-08-20T23:07:23 IST" duration-ms="1149" status="PASS">
          <reporter-output>
          </reporter-output>
        </test-method> <!-- teardown -->
      </class> <!-- com.crm.qa.testcases.LoginPageTest -->
    </test> <!-- Surefire test -->
  </suite> <!-- Surefire suite -->
</testng-results>
